<?xml version="1.0" encoding="UTF-8" ?>
<testsuite tests="1" failures="0" name="Test_" time="2.194" errors="1" skipped="0">
  <properties>
[...]
</properties>
  <testcase classname="Test_" name="test1" time="2.194">
    <error message="Error creating bean with name &apos;sqlSessionFactory&apos; defined in class path resource [spring-dao.xml]: Invocation of init method failed; nested exception is org.springframework.core.NestedIOException: Failed to parse config resource: class path resource [mybatis-config.xml]; nested exception is org.apache.ibatis.builder.BuilderException: Error parsing SQL Mapper Configuration. Cause: org.apache.ibatis.builder.BuilderException: Error parsing Mapper XML. The XML location is &apos;com/blog/dao/ArticleMapper.xml&apos;. Cause: java.lang.IllegalArgumentException: Mapped Statements collection already contains value for com.blog.dao.ArticleMapper.queryAllArticle. please check com/blog/dao/ArticleMapper.xml and com/blog/dao/ArticleMapper.xml" type="org.springframework.beans.factory.BeanCreationException">org.springframework.beans.factory.BeanCreationException: Error creating bean with name &apos;sqlSessionFactory&apos; defined in class path resource [spring-dao.xml]: Invocation of init method failed; nested exception is org.springframework.core.NestedIOException: Failed to parse config resource: class path resource [mybatis-config.xml]; nested exception is org.apache.ibatis.builder.BuilderException: Error parsing SQL Mapper Configuration. Cause: org.apache.ibatis.builder.BuilderException: Error parsing Mapper XML. The XML location is &apos;com/blog/dao/ArticleMapper.xml&apos;. Cause: java.lang.IllegalArgumentException: Mapped Statements collection already contains value for com.blog.dao.ArticleMapper.queryAllArticle. please check com/blog/dao/ArticleMapper.xml and com/blog/dao/ArticleMapper.xml
	at org.springframework.beans.factory.support.AbstractAutowireCapableBeanFactory.initializeBean(AbstractAutowireCapableBeanFactory.java:1778)
	at org.springframework.beans.factory.support.AbstractAutowireCapableBeanFactory.doCreateBean(AbstractAutowireCapableBeanFactory.java:593)
	at org.springframework.beans.factory.support.AbstractAutowireCapableBeanFactory.createBean(AbstractAutowireCapableBeanFactory.java:515)
	at org.springframework.beans.factory.support.AbstractBeanFactory.lambda$doGetBean$0(AbstractBeanFactory.java:320)
	at org.springframework.beans.factory.support.DefaultSingletonBeanRegistry.getSingleton(DefaultSingletonBeanRegistry.java:222)
	at org.springframework.beans.factory.support.AbstractBeanFactory.doGetBean(AbstractBeanFactory.java:318)
	at org.springframework.beans.factory.support.AbstractBeanFactory.getBean(AbstractBeanFactory.java:199)
	at org.springframework.beans.factory.support.DefaultListableBeanFactory.preInstantiateSingletons(DefaultListableBeanFactory.java:826)
	at org.springframework.context.support.AbstractApplicationContext.finishBeanFactoryInitialization(AbstractApplicationContext.java:877)
	at org.springframework.context.support.AbstractApplicationContext.refresh(AbstractApplicationContext.java:549)
	at org.springframework.context.support.ClassPathXmlApplicationContext.&lt;init&gt;(ClassPathXmlApplicationContext.java:144)
	at org.springframework.context.support.ClassPathXmlApplicationContext.&lt;init&gt;(ClassPathXmlApplicationContext.java:85)
	at Test_.test1(Test_.java:22)
	at sun.reflect.NativeMethodAccessorImpl.invoke0(Native Method)
	at sun.reflect.NativeMethodAccessorImpl.invoke(NativeMethodAccessorImpl.java:62)
	at sun.reflect.DelegatingMethodAccessorImpl.invoke(DelegatingMethodAccessorImpl.java:43)
	at java.lang.reflect.Method.invoke(Method.java:498)
	at org.junit.runners.model.FrameworkMethod$1.runReflectiveCall(FrameworkMethod.java:50)
	at org.junit.internal.runners.model.ReflectiveCallable.run(ReflectiveCallable.java:12)
	at org.junit.runners.model.FrameworkMethod.invokeExplosively(FrameworkMethod.java:47)
	at org.junit.internal.runners.statements.InvokeMethod.evaluate(InvokeMethod.java:17)
	at org.junit.runners.ParentRunner.runLeaf(ParentRunner.java:325)
	at org.junit.runners.BlockJUnit4ClassRunner.runChild(BlockJUnit4ClassRunner.java:78)
	at org.junit.runners.BlockJUnit4ClassRunner.runChild(BlockJUnit4ClassRunner.java:57)
	at org.junit.runners.ParentRunner$3.run(ParentRunner.java:290)
	at org.junit.runners.ParentRunner$1.schedule(ParentRunner.java:71)
	at org.junit.runners.ParentRunner.runChildren(ParentRunner.java:288)
	at org.junit.runners.ParentRunner.access$000(ParentRunner.java:58)
	at org.junit.runners.ParentRunner$2.evaluate(ParentRunner.java:268)
	at org.junit.runners.ParentRunner.run(ParentRunner.java:363)
	at org.apache.maven.surefire.junit4.JUnit4Provider.execute(JUnit4Provider.java:252)
	at org.apache.maven.surefire.junit4.JUnit4Provider.executeTestSet(JUnit4Provider.java:141)
	at org.apache.maven.surefire.junit4.JUnit4Provider.invoke(JUnit4Provider.java:112)
	at sun.reflect.NativeMethodAccessorImpl.invoke0(Native Method)
	at sun.reflect.NativeMethodAccessorImpl.invoke(NativeMethodAccessorImpl.java:62)
	at sun.reflect.DelegatingMethodAccessorImpl.invoke(DelegatingMethodAccessorImpl.java:43)
	at java.lang.reflect.Method.invoke(Method.java:498)
	at org.apache.maven.surefire.util.ReflectionUtils.invokeMethodWithArray(ReflectionUtils.java:189)
	at org.apache.maven.surefire.booter.ProviderFactory$ProviderProxy.invoke(ProviderFactory.java:165)
	at org.apache.maven.surefire.booter.ProviderFactory.invokeProvider(ProviderFactory.java:85)
	at org.apache.maven.surefire.booter.ForkedBooter.runSuitesInProcess(ForkedBooter.java:115)
	at org.apache.maven.surefire.booter.ForkedBooter.main(ForkedBooter.java:75)
Caused by: org.springframework.core.NestedIOException: Failed to parse config resource: class path resource [mybatis-config.xml]; nested exception is org.apache.ibatis.builder.BuilderException: Error parsing SQL Mapper Configuration. Cause: org.apache.ibatis.builder.BuilderException: Error parsing Mapper XML. The XML location is &apos;com/blog/dao/ArticleMapper.xml&apos;. Cause: java.lang.IllegalArgumentException: Mapped Statements collection already contains value for com.blog.dao.ArticleMapper.queryAllArticle. please check com/blog/dao/ArticleMapper.xml and com/blog/dao/ArticleMapper.xml
	at org.mybatis.spring.SqlSessionFactoryBean.buildSqlSessionFactory(SqlSessionFactoryBean.java:573)
	at org.mybatis.spring.SqlSessionFactoryBean.afterPropertiesSet(SqlSessionFactoryBean.java:475)
	at org.springframework.beans.factory.support.AbstractAutowireCapableBeanFactory.invokeInitMethods(AbstractAutowireCapableBeanFactory.java:1837)
	at org.springframework.beans.factory.support.AbstractAutowireCapableBeanFactory.initializeBean(AbstractAutowireCapableBeanFactory.java:1774)
	... 41 more
Caused by: org.apache.ibatis.builder.BuilderException: Error parsing SQL Mapper Configuration. Cause: org.apache.ibatis.builder.BuilderException: Error parsing Mapper XML. The XML location is &apos;com/blog/dao/ArticleMapper.xml&apos;. Cause: java.lang.IllegalArgumentException: Mapped Statements collection already contains value for com.blog.dao.ArticleMapper.queryAllArticle. please check com/blog/dao/ArticleMapper.xml and com/blog/dao/ArticleMapper.xml
	at org.apache.ibatis.builder.xml.XMLConfigBuilder.parseConfiguration(XMLConfigBuilder.java:121)
	at org.apache.ibatis.builder.xml.XMLConfigBuilder.parse(XMLConfigBuilder.java:98)
	at org.mybatis.spring.SqlSessionFactoryBean.buildSqlSessionFactory(SqlSessionFactoryBean.java:570)
	... 44 more
Caused by: org.apache.ibatis.builder.BuilderException: Error parsing Mapper XML. The XML location is &apos;com/blog/dao/ArticleMapper.xml&apos;. Cause: java.lang.IllegalArgumentException: Mapped Statements collection already contains value for com.blog.dao.ArticleMapper.queryAllArticle. please check com/blog/dao/ArticleMapper.xml and com/blog/dao/ArticleMapper.xml
	at org.apache.ibatis.builder.xml.XMLMapperBuilder.configurationElement(XMLMapperBuilder.java:122)
	at org.apache.ibatis.builder.xml.XMLMapperBuilder.parse(XMLMapperBuilder.java:94)
	at org.apache.ibatis.builder.annotation.MapperAnnotationBuilder.loadXmlResource(MapperAnnotationBuilder.java:182)
	at org.apache.ibatis.builder.annotation.MapperAnnotationBuilder.parse(MapperAnnotationBuilder.java:129)
	at org.apache.ibatis.binding.MapperRegistry.addMapper(MapperRegistry.java:72)
	at org.apache.ibatis.session.Configuration.addMapper(Configuration.java:775)
	at org.apache.ibatis.builder.xml.XMLConfigBuilder.mapperElement(XMLConfigBuilder.java:382)
	at org.apache.ibatis.builder.xml.XMLConfigBuilder.parseConfiguration(XMLConfigBuilder.java:119)
	... 46 more
Caused by: java.lang.IllegalArgumentException: Mapped Statements collection already contains value for com.blog.dao.ArticleMapper.queryAllArticle. please check com/blog/dao/ArticleMapper.xml and com/blog/dao/ArticleMapper.xml
	at org.apache.ibatis.session.Configuration$StrictMap.put(Configuration.java:947)
	at org.apache.ibatis.session.Configuration$StrictMap.put(Configuration.java:903)
	at org.apache.ibatis.session.Configuration.addMappedStatement(Configuration.java:702)
	at org.apache.ibatis.builder.MapperBuilderAssistant.addMappedStatement(MapperBuilderAssistant.java:297)
	at org.apache.ibatis.builder.xml.XMLStatementBuilder.parseStatementNode(XMLStatementBuilder.java:113)
	at org.apache.ibatis.builder.xml.XMLMapperBuilder.buildStatementFromContext(XMLMapperBuilder.java:137)
	at org.apache.ibatis.builder.xml.XMLMapperBuilder.buildStatementFromContext(XMLMapperBuilder.java:130)
	at org.apache.ibatis.builder.xml.XMLMapperBuilder.configurationElement(XMLMapperBuilder.java:120)
	... 53 more
</error>
    <system-out>Logging initialized using &apos;class org.apache.ibatis.logging.stdout.StdOutImpl&apos; adapter.
Class not found: org.jboss.vfs.VFS
JBoss 6 VFS API is not available in this environment.
Class not found: org.jboss.vfs.VirtualFile
VFS implementation org.apache.ibatis.io.JBoss6VFS is not valid in this environment.
Using VFS adapter org.apache.ibatis.io.DefaultVFS
Find JAR URL: file:/E:/java/idea-workspace/Bolg/huangxuhangBlog/target/classes/com/blog/pojo
Not a JAR: file:/E:/java/idea-workspace/Bolg/huangxuhangBlog/target/classes/com/blog/pojo
Reader entry: Admin.class
Reader entry: Article.class
Reader entry: Comment.class
Reader entry: Discuss.class
Reader entry: DiscussComment.class
Listing file:/E:/java/idea-workspace/Bolg/huangxuhangBlog/target/classes/com/blog/pojo
Find JAR URL: file:/E:/java/idea-workspace/Bolg/huangxuhangBlog/target/classes/com/blog/pojo/Admin.class
Not a JAR: file:/E:/java/idea-workspace/Bolg/huangxuhangBlog/target/classes/com/blog/pojo/Admin.class
Reader entry: ����&amp;#0;&amp;#0;&amp;#0;4&amp;#0;?
Find JAR URL: file:/E:/java/idea-workspace/Bolg/huangxuhangBlog/target/classes/com/blog/pojo/Article.class
Not a JAR: file:/E:/java/idea-workspace/Bolg/huangxuhangBlog/target/classes/com/blog/pojo/Article.class
Reader entry: ����&amp;#0;&amp;#0;&amp;#0;4&amp;#0;?
Find JAR URL: file:/E:/java/idea-workspace/Bolg/huangxuhangBlog/target/classes/com/blog/pojo/Comment.class
Not a JAR: file:/E:/java/idea-workspace/Bolg/huangxuhangBlog/target/classes/com/blog/pojo/Comment.class
Reader entry: ����&amp;#0;&amp;#0;&amp;#0;4&amp;#0;u
Find JAR URL: file:/E:/java/idea-workspace/Bolg/huangxuhangBlog/target/classes/com/blog/pojo/Discuss.class
Not a JAR: file:/E:/java/idea-workspace/Bolg/huangxuhangBlog/target/classes/com/blog/pojo/Discuss.class
Reader entry: ����&amp;#0;&amp;#0;&amp;#0;4&amp;#0;l
Find JAR URL: file:/E:/java/idea-workspace/Bolg/huangxuhangBlog/target/classes/com/blog/pojo/DiscussComment.class
Not a JAR: file:/E:/java/idea-workspace/Bolg/huangxuhangBlog/target/classes/com/blog/pojo/DiscussComment.class
Reader entry: ����&amp;#0;&amp;#0;&amp;#0;4&amp;#0;u
Checking to see if class com.blog.pojo.Admin matches criteria [is assignable to Object]
Checking to see if class com.blog.pojo.Article matches criteria [is assignable to Object]
Checking to see if class com.blog.pojo.Comment matches criteria [is assignable to Object]
Checking to see if class com.blog.pojo.Discuss matches criteria [is assignable to Object]
Checking to see if class com.blog.pojo.DiscussComment matches criteria [is assignable to Object]
</system-out>
    <system-err>ʮ���� 13, 2020 11:27:40 ���� com.mchange.v2.log.MLog 
��Ϣ: MLog clients using java 1.4+ standard logging.
ʮ���� 13, 2020 11:27:41 ���� com.mchange.v2.c3p0.C3P0Registry 
��Ϣ: Initializing c3p0-0.9.5.2 [built 08-December-2015 22:06:04 -0800; debug? true; trace: 10]
ʮ���� 13, 2020 11:27:41 ���� org.springframework.context.support.AbstractApplicationContext refresh
����: Exception encountered during context initialization - cancelling refresh attempt: org.springframework.beans.factory.BeanCreationException: Error creating bean with name &apos;sqlSessionFactory&apos; defined in class path resource [spring-dao.xml]: Invocation of init method failed; nested exception is org.springframework.core.NestedIOException: Failed to parse config resource: class path resource [mybatis-config.xml]; nested exception is org.apache.ibatis.builder.BuilderException: Error parsing SQL Mapper Configuration. Cause: org.apache.ibatis.builder.BuilderException: Error parsing Mapper XML. The XML location is &apos;com/blog/dao/ArticleMapper.xml&apos;. Cause: java.lang.IllegalArgumentException: Mapped Statements collection already contains value for com.blog.dao.ArticleMapper.queryAllArticle. please check com/blog/dao/ArticleMapper.xml and com/blog/dao/ArticleMapper.xml
</system-err>
  </testcase>
</testsuite>